<?xml version="1.0" encoding="windows-1252" standalone="no"?>
<!DOCTYPE log SYSTEM "logger.dtd">
<log>
<record>
  <date>2022-04-19T12:47:17</date>
  <millis>1650352637201</millis>
  <sequence>0</sequence>
  <logger>com.example.model.Book</logger>
  <level>INFO</level>
  <class>com.example.LoggingWithPropAndSaveToFile</class>
  <method>main</method>
  <thread>1</thread>
  <message>Logging Properties Done Right</message>
</record>
<record>
  <date>2022-04-19T12:47:17</date>
  <millis>1650352637221</millis>
  <sequence>1</sequence>
  <logger>com.example.model.Book</logger>
  <level>INFO</level>
  <class>com.example.model.Book</class>
  <method>&lt;init&gt;</method>
  <thread>1</thread>
  <message>Book with ZERO Argument Constructed</message>
</record>
<record>
  <date>2022-04-19T12:47:17</date>
  <millis>1650352637223</millis>
  <sequence>2</sequence>
  <logger>com.example.model.Book</logger>
  <level>INFO</level>
  <class>com.example.LoggingWithPropAndSaveToFile</class>
  <method>main</method>
  <thread>1</thread>
  <message>Book [bookNumber=0, bookName=null, author=null, price=0.0]</message>
</record>
</log>
